# JRE version: OpenJDK Runtime Environment (8.0_242-b01) (build 1.8.0_242-release-1644-b01)
# Java VM: OpenJDK 64-Bit Server VM (25.242-b01 mixed mode windows-amd64 compressed oops)
Heap:
 PSYoungGen      total 232448K, used 25236K [0x00000000d5580000, 0x00000000e4b80000, 0x0000000100000000)
  eden space 213504K, 11% used [0x00000000d5580000,0x00000000d6e25288,0x00000000e2600000)
  from space 18944K, 0% used [0x00000000e3780000,0x00000000e3780000,0x00000000e4a00000)
  to   space 17920K, 0% used [0x00000000e2600000,0x00000000e2600000,0x00000000e3780000)
 ParOldGen       total 112640K, used 33456K [0x0000000080000000, 0x0000000086e00000, 0x00000000d5580000)
  object space 112640K, 29% used [0x0000000080000000,0x00000000820ac288,0x0000000086e00000)
 Metaspace       used 57426K, capacity 59738K, committed 59992K, reserved 1101824K
  class space    used 7491K, capacity 7970K, committed 8064K, reserved 1048576K
GC Heap History (10 events):
Event: 10.334 GC heap before
{Heap before GC invocations=11 (full 2):
 PSYoungGen      total 129536K, used 10209K [0x00000000d5580000, 0x00000000e0580000, 0x0000000100000000)
  eden space 119296K, 0% used [0x00000000d5580000,0x00000000d5580000,0x00000000dca00000)
  from space 10240K, 99% used [0x00000000dca00000,0x00000000dd3f8580,0x00000000dd400000)
  to   space 12288K, 0% used [0x00000000df980000,0x00000000df980000,0x00000000e0580000)
 ParOldGen       total 49664K, used 8307K [0x0000000080000000, 0x0000000083080000, 0x00000000d5580000)
  object space 49664K, 16% used [0x0000000080000000,0x000000008081ce18,0x0000000083080000)
 Metaspace       used 34126K, capacity 35328K, committed 35416K, reserved 1079296K
  class space    used 4602K, capacity 4915K, committed 4992K, reserved 1048576K
Event: 10.412 GC heap after
Heap after GC invocations=11 (full 2):
 PSYoungGen      total 129536K, used 0K [0x00000000d5580000, 0x00000000e0580000, 0x0000000100000000)
  eden space 119296K, 0% used [0x00000000d5580000,0x00000000d5580000,0x00000000dca00000)
  from space 10240K, 0% used [0x00000000dca00000,0x00000000dca00000,0x00000000dd400000)
  to   space 12288K, 0% used [0x00000000df980000,0x00000000df980000,0x00000000e0580000)
 ParOldGen       total 73216K, used 17533K [0x0000000080000000, 0x0000000084780000, 0x00000000d5580000)
  object space 73216K, 23% used [0x0000000080000000,0x000000008111f6b0,0x0000000084780000)
 Metaspace       used 34126K, capacity 35328K, committed 35416K, reserved 1079296K
  class space    used 4602K, capacity 4915K, committed 4992K, reserved 1048576K
}
Event: 13.285 GC heap before
{Heap before GC invocations=12 (full 2):
 PSYoungGen      total 129536K, used 119296K [0x00000000d5580000, 0x00000000e0580000, 0x0000000100000000)
  eden space 119296K, 100% used [0x00000000d5580000,0x00000000dca00000,0x00000000dca00000)
  from space 10240K, 0% used [0x00000000dca00000,0x00000000dca00000,0x00000000dd400000)
  to   space 12288K, 0% used [0x00000000df980000,0x00000000df980000,0x00000000e0580000)
 ParOldGen       total 73216K, used 17533K [0x0000000080000000, 0x0000000084780000, 0x00000000d5580000)
  object space 73216K, 23% used [0x0000000080000000,0x000000008111f6b0,0x0000000084780000)
 Metaspace       used 40453K, capacity 42118K, committed 42200K, reserved 1085440K
  class space    used 5431K, capacity 5812K, committed 5888K, reserved 1048576K
Event: 13.364 GC heap after
Heap after GC invocations=12 (full 2):
 PSYoungGen      total 166912K, used 11591K [0x00000000d5580000, 0x00000000e1280000, 0x0000000100000000)
  eden space 154624K, 0% used [0x00000000d5580000,0x00000000d5580000,0x00000000dec80000)
  from space 12288K, 94% used [0x00000000df980000,0x00000000e04d1e30,0x00000000e0580000)
  to   space 13312K, 0% used [0x00000000dec80000,0x00000000dec80000,0x00000000df980000)
 ParOldGen       total 73216K, used 17541K [0x0000000080000000, 0x0000000084780000, 0x00000000d5580000)
  object space 73216K, 23% used [0x0000000080000000,0x00000000811216b0,0x0000000084780000)
 Metaspace       used 40453K, capacity 42118K, committed 42200K, reserved 1085440K
  class space    used 5431K, capacity 5812K, committed 5888K, reserved 1048576K
}
Event: 18.743 GC heap before
{Heap before GC invocations=13 (full 2):
 PSYoungGen      total 166912K, used 166215K [0x00000000d5580000, 0x00000000e1280000, 0x0000000100000000)
  eden space 154624K, 100% used [0x00000000d5580000,0x00000000dec80000,0x00000000dec80000)
  from space 12288K, 94% used [0x00000000df980000,0x00000000e04d1e30,0x00000000e0580000)
  to   space 13312K, 0% used [0x00000000dec80000,0x00000000dec80000,0x00000000df980000)
 ParOldGen       total 73216K, used 17541K [0x0000000080000000, 0x0000000084780000, 0x00000000d5580000)
  object space 73216K, 23% used [0x0000000080000000,0x00000000811216b0,0x0000000084780000)
 Metaspace       used 50942K, capacity 53164K, committed 53336K, reserved 1095680K
  class space    used 6729K, capacity 7172K, committed 7296K, reserved 1048576K
Event: 18.802 GC heap after
Heap after GC invocations=13 (full 2):
 PSYoungGen      total 167936K, used 13296K [0x00000000d5580000, 0x00000000e4a00000, 0x0000000100000000)
  eden space 154624K, 0% used [0x00000000d5580000,0x00000000d5580000,0x00000000dec80000)
  from space 13312K, 99% used [0x00000000dec80000,0x00000000df97c188,0x00000000df980000)
  to   space 18944K, 0% used [0x00000000e3780000,0x00000000e3780000,0x00000000e4a00000)
 ParOldGen       total 73216K, used 27319K [0x0000000080000000, 0x0000000084780000, 0x00000000d5580000)
  object space 73216K, 37% used [0x0000000080000000,0x0000000081aade80,0x0000000084780000)
 Metaspace       used 50942K, capacity 53164K, committed 53336K, reserved 1095680K
  class space    used 6729K, capacity 7172K, committed 7296K, reserved 1048576K
}
Event: 20.611 GC heap before
{Heap before GC invocations=14 (full 2):
 PSYoungGen      total 167936K, used 65886K [0x00000000d5580000, 0x00000000e4a00000, 0x0000000100000000)
  eden space 154624K, 34% used [0x00000000d5580000,0x00000000d88db918,0x00000000dec80000)
  from space 13312K, 99% used [0x00000000dec80000,0x00000000df97c188,0x00000000df980000)
  to   space 18944K, 0% used [0x00000000e3780000,0x00000000e3780000,0x00000000e4a00000)
 ParOldGen       total 73216K, used 27319K [0x0000000080000000, 0x0000000084780000, 0x00000000d5580000)
  object space 73216K, 37% used [0x0000000080000000,0x0000000081aade80,0x0000000084780000)
 Metaspace       used 56612K, capacity 58918K, committed 59028K, reserved 1099776K
  class space    used 7395K, capacity 7845K, committed 7936K, reserved 1048576K
Event: 20.688 GC heap after
Heap after GC invocations=14 (full 2):
 PSYoungGen      total 232448K, used 6608K [0x00000000d5580000, 0x00000000e4b80000, 0x0000000100000000)
  eden space 213504K, 0% used [0x00000000d5580000,0x00000000d5580000,0x00000000e2600000)
  from space 18944K, 34% used [0x00000000e3780000,0x00000000e3df41f8,0x00000000e4a00000)
  to   space 17920K, 0% used [0x00000000e2600000,0x00000000e2600000,0x00000000e3780000)
 ParOldGen       total 73216K, used 36326K [0x0000000080000000, 0x0000000084780000, 0x00000000d5580000)
  object space 73216K, 49% used [0x0000000080000000,0x00000000823798a8,0x0000000084780000)
 Metaspace       used 56612K, capacity 58918K, committed 59028K, reserved 1099776K
  class space    used 7395K, capacity 7845K, committed 7936K, reserved 1048576K
}
Event: 20.688 GC heap before
{Heap before GC invocations=15 (full 3):
 PSYoungGen      total 232448K, used 6608K [0x00000000d5580000, 0x00000000e4b80000, 0x0000000100000000)
  eden space 213504K, 0% used [0x00000000d5580000,0x00000000d5580000,0x00000000e2600000)
  from space 18944K, 34% used [0x00000000e3780000,0x00000000e3df41f8,0x00000000e4a00000)
  to   space 17920K, 0% used [0x00000000e2600000,0x00000000e2600000,0x00000000e3780000)
 ParOldGen       total 73216K, used 36326K [0x0000000080000000, 0x0000000084780000, 0x00000000d5580000)
  object space 73216K, 49% used [0x0000000080000000,0x00000000823798a8,0x0000000084780000)
 Metaspace       used 56612K, capacity 58918K, committed 59028K, reserved 1099776K
  class space    used 7395K, capacity 7845K, committed 7936K, reserved 1048576K
Event: 21.604 GC heap after
Heap after GC invocations=15 (full 3):
 PSYoungGen      total 232448K, used 0K [0x00000000d5580000, 0x00000000e4b80000, 0x0000000100000000)
  eden space 213504K, 0% used [0x00000000d5580000,0x00000000d5580000,0x00000000e2600000)
  from space 18944K, 0% used [0x00000000e3780000,0x00000000e3780000,0x00000000e4a00000)
  to   space 17920K, 0% used [0x00000000e2600000,0x00000000e2600000,0x00000000e3780000)
 ParOldGen       total 112640K, used 33456K [0x0000000080000000, 0x0000000086e00000, 0x00000000d5580000)
  object space 112640K, 29% used [0x0000000080000000,0x00000000820ac288,0x0000000086e00000)
 Metaspace       used 56554K, capacity 58790K, committed 59028K, reserved 1099776K
  class space    used 7380K, capacity 7827K, committed 7936K, reserved 1048576K
}

