# JRE version: OpenJDK Runtime Environment (8.0_242-b01) (build 1.8.0_242-release-1644-b01)
# Java VM: OpenJDK 64-Bit Server VM (25.242-b01 mixed mode windows-amd64 compressed oops)
Heap:
 PSYoungGen      total 111616K, used 49971K [0x00000000d5580000, 0x00000000dde00000, 0x0000000100000000)
  eden space 105984K, 42% used [0x00000000d5580000,0x00000000d80f8cf8,0x00000000dbd00000)
  from space 5632K, 96% used [0x00000000dd880000,0x00000000dddd41a0,0x00000000dde00000)
  to   space 10240K, 0% used [0x00000000dca00000,0x00000000dca00000,0x00000000dd400000)
 ParOldGen       total 50688K, used 7199K [0x0000000080000000, 0x0000000083180000, 0x00000000d5580000)
  object space 50688K, 14% used [0x0000000080000000,0x0000000080707c50,0x0000000083180000)
 Metaspace       used 31341K, capacity 32468K, committed 32768K, reserved 1077248K
  class space    used 4223K, capacity 4513K, committed 4608K, reserved 1048576K
GC Heap History (10 events):
Event: 4.119 GC heap before
{Heap before GC invocations=5 (full 0):
 PSYoungGen      total 36864K, used 36848K [0x00000000d5580000, 0x00000000d7e80000, 0x0000000100000000)
  eden space 31744K, 100% used [0x00000000d5580000,0x00000000d7480000,0x00000000d7480000)
  from space 5120K, 99% used [0x00000000d7980000,0x00000000d7e7c030,0x00000000d7e80000)
  to   space 5120K, 0% used [0x00000000d7480000,0x00000000d7480000,0x00000000d7980000)
 ParOldGen       total 84992K, used 2636K [0x0000000080000000, 0x0000000085300000, 0x00000000d5580000)
  object space 84992K, 3% used [0x0000000080000000,0x0000000080293010,0x0000000085300000)
 Metaspace       used 17191K, capacity 17778K, committed 17920K, reserved 1064960K
  class space    used 2341K, capacity 2509K, committed 2560K, reserved 1048576K
Event: 4.133 GC heap after
Heap after GC invocations=5 (full 0):
 PSYoungGen      total 36864K, used 5088K [0x00000000d5580000, 0x00000000da580000, 0x0000000100000000)
  eden space 31744K, 0% used [0x00000000d5580000,0x00000000d5580000,0x00000000d7480000)
  from space 5120K, 99% used [0x00000000d7480000,0x00000000d7978020,0x00000000d7980000)
  to   space 9216K, 0% used [0x00000000d9c80000,0x00000000d9c80000,0x00000000da580000)
 ParOldGen       total 84992K, used 5133K [0x0000000080000000, 0x0000000085300000, 0x00000000d5580000)
  object space 84992K, 6% used [0x0000000080000000,0x00000000805037a0,0x0000000085300000)
 Metaspace       used 17191K, capacity 17778K, committed 17920K, reserved 1064960K
  class space    used 2341K, capacity 2509K, committed 2560K, reserved 1048576K
}
Event: 4.760 GC heap before
{Heap before GC invocations=6 (full 0):
 PSYoungGen      total 36864K, used 36832K [0x00000000d5580000, 0x00000000da580000, 0x0000000100000000)
  eden space 31744K, 100% used [0x00000000d5580000,0x00000000d7480000,0x00000000d7480000)
  from space 5120K, 99% used [0x00000000d7480000,0x00000000d7978020,0x00000000d7980000)
  to   space 9216K, 0% used [0x00000000d9c80000,0x00000000d9c80000,0x00000000da580000)
 ParOldGen       total 84992K, used 5133K [0x0000000080000000, 0x0000000085300000, 0x00000000d5580000)
  object space 84992K, 6% used [0x0000000080000000,0x00000000805037a0,0x0000000085300000)
 Metaspace       used 20091K, capacity 20824K, committed 20992K, reserved 1067008K
  class space    used 2802K, capacity 2996K, committed 3072K, reserved 1048576K
Event: 4.774 GC heap after
Heap after GC invocations=6 (full 0):
 PSYoungGen      total 71168K, used 8914K [0x00000000d5580000, 0x00000000da880000, 0x0000000100000000)
  eden space 61952K, 0% used [0x00000000d5580000,0x00000000d5580000,0x00000000d9200000)
  from space 9216K, 96% used [0x00000000d9c80000,0x00000000da534ab8,0x00000000da580000)
  to   space 10752K, 0% used [0x00000000d9200000,0x00000000d9200000,0x00000000d9c80000)
 ParOldGen       total 84992K, used 5141K [0x0000000080000000, 0x0000000085300000, 0x00000000d5580000)
  object space 84992K, 6% used [0x0000000080000000,0x00000000805057a0,0x0000000085300000)
 Metaspace       used 20091K, capacity 20824K, committed 20992K, reserved 1067008K
  class space    used 2802K, capacity 2996K, committed 3072K, reserved 1048576K
}
Event: 4.865 GC heap before
{Heap before GC invocations=7 (full 0):
 PSYoungGen      total 71168K, used 14499K [0x00000000d5580000, 0x00000000da880000, 0x0000000100000000)
  eden space 61952K, 9% used [0x00000000d5580000,0x00000000d5af4210,0x00000000d9200000)
  from space 9216K, 96% used [0x00000000d9c80000,0x00000000da534ab8,0x00000000da580000)
  to   space 10752K, 0% used [0x00000000d9200000,0x00000000d9200000,0x00000000d9c80000)
 ParOldGen       total 84992K, used 5141K [0x0000000080000000, 0x0000000085300000, 0x00000000d5580000)
  object space 84992K, 6% used [0x0000000080000000,0x00000000805057a0,0x0000000085300000)
 Metaspace       used 20510K, capacity 21214K, committed 21248K, reserved 1067008K
  class space    used 2861K, capacity 3039K, committed 3072K, reserved 1048576K
Event: 4.874 GC heap after
Heap after GC invocations=7 (full 0):
 PSYoungGen      total 72704K, used 4649K [0x00000000d5580000, 0x00000000de280000, 0x0000000100000000)
  eden space 61952K, 0% used [0x00000000d5580000,0x00000000d5580000,0x00000000d9200000)
  from space 10752K, 43% used [0x00000000d9200000,0x00000000d968a4e8,0x00000000d9c80000)
  to   space 10240K, 0% used [0x00000000dd880000,0x00000000dd880000,0x00000000de280000)
 ParOldGen       total 84992K, used 7506K [0x0000000080000000, 0x0000000085300000, 0x00000000d5580000)
  object space 84992K, 8% used [0x0000000080000000,0x0000000080754800,0x0000000085300000)
 Metaspace       used 20510K, capacity 21214K, committed 21248K, reserved 1067008K
  class space    used 2861K, capacity 3039K, committed 3072K, reserved 1048576K
}
Event: 4.874 GC heap before
{Heap before GC invocations=8 (full 1):
 PSYoungGen      total 72704K, used 4649K [0x00000000d5580000, 0x00000000de280000, 0x0000000100000000)
  eden space 61952K, 0% used [0x00000000d5580000,0x00000000d5580000,0x00000000d9200000)
  from space 10752K, 43% used [0x00000000d9200000,0x00000000d968a4e8,0x00000000d9c80000)
  to   space 10240K, 0% used [0x00000000dd880000,0x00000000dd880000,0x00000000de280000)
 ParOldGen       total 84992K, used 7506K [0x0000000080000000, 0x0000000085300000, 0x00000000d5580000)
  object space 84992K, 8% used [0x0000000080000000,0x0000000080754800,0x0000000085300000)
 Metaspace       used 20510K, capacity 21214K, committed 21248K, reserved 1067008K
  class space    used 2861K, capacity 3039K, committed 3072K, reserved 1048576K
Event: 4.929 GC heap after
Heap after GC invocations=8 (full 1):
 PSYoungGen      total 72704K, used 0K [0x00000000d5580000, 0x00000000de280000, 0x0000000100000000)
  eden space 61952K, 0% used [0x00000000d5580000,0x00000000d5580000,0x00000000d9200000)
  from space 10752K, 0% used [0x00000000d9200000,0x00000000d9200000,0x00000000d9c80000)
  to   space 10240K, 0% used [0x00000000dd880000,0x00000000dd880000,0x00000000de280000)
 ParOldGen       total 50688K, used 7191K [0x0000000080000000, 0x0000000083180000, 0x00000000d5580000)
  object space 50688K, 14% used [0x0000000080000000,0x0000000080705c50,0x0000000083180000)
 Metaspace       used 20510K, capacity 21214K, committed 21248K, reserved 1067008K
  class space    used 2861K, capacity 3039K, committed 3072K, reserved 1048576K
}
Event: 5.937 GC heap before
{Heap before GC invocations=9 (full 1):
 PSYoungGen      total 72704K, used 61952K [0x00000000d5580000, 0x00000000de280000, 0x0000000100000000)
  eden space 61952K, 100% used [0x00000000d5580000,0x00000000d9200000,0x00000000d9200000)
  from space 10752K, 0% used [0x00000000d9200000,0x00000000d9200000,0x00000000d9c80000)
  to   space 10240K, 0% used [0x00000000dd880000,0x00000000dd880000,0x00000000de280000)
 ParOldGen       total 50688K, used 7191K [0x0000000080000000, 0x0000000083180000, 0x00000000d5580000)
  object space 50688K, 14% used [0x0000000080000000,0x0000000080705c50,0x0000000083180000)
 Metaspace       used 24308K, capacity 25286K, committed 25600K, reserved 1071104K
  class space    used 3468K, capacity 3735K, committed 3840K, reserved 1048576K
Event: 5.944 GC heap after
Heap after GC invocations=9 (full 1):
 PSYoungGen      total 111616K, used 5456K [0x00000000d5580000, 0x00000000dde00000, 0x0000000100000000)
  eden space 105984K, 0% used [0x00000000d5580000,0x00000000d5580000,0x00000000dbd00000)
  from space 5632K, 96% used [0x00000000dd880000,0x00000000dddd41a0,0x00000000dde00000)
  to   space 10240K, 0% used [0x00000000dca00000,0x00000000dca00000,0x00000000dd400000)
 ParOldGen       total 50688K, used 7199K [0x0000000080000000, 0x0000000083180000, 0x00000000d5580000)
  object space 50688K, 14% used [0x0000000080000000,0x0000000080707c50,0x0000000083180000)
 Metaspace       used 24308K, capacity 25286K, committed 25600K, reserved 1071104K
  class space    used 3468K, capacity 3735K, committed 3840K, reserved 1048576K
}

